<?xml version="1.0" encoding="UTF-8"?>
<coverage generated="1780362542080" clover="3.2.0">
  <project timestamp="1780362542080" name="All files">
    <metrics statements="68" coveredstatements="68" conditionals="23" coveredconditionals="23" methods="17" coveredmethods="17" elements="108" coveredelements="108" complexity="0" loc="68" ncloc="68" packages="1" files="2" classes="2"/>
    <file name="dropDetection.ts" path="/Users/peterugh/Sites/egg-drop/src/utils/dropDetection.ts">
      <metrics statements="48" coveredstatements="48" conditionals="19" coveredconditionals="19" methods="6" coveredmethods="6"/>
      <line num="5" count="1" type="stmt"/>
      <line num="8" count="1" type="stmt"/>
      <line num="10" count="1" type="stmt"/>
      <line num="12" count="1" type="stmt"/>
      <line num="13" count="1" type="stmt"/>
      <line num="14" count="1" type="stmt"/>
      <line num="15" count="1" type="stmt"/>
      <line num="33" count="475" type="stmt"/>
      <line num="41" count="26" type="stmt"/>
      <line num="50" count="17" type="stmt"/>
      <line num="51" count="17" type="stmt"/>
      <line num="52" count="17" type="stmt"/>
      <line num="53" count="17" type="stmt"/>
      <line num="54" count="17" type="stmt"/>
      <line num="56" count="17" type="stmt"/>
      <line num="72" count="19" type="stmt"/>
      <line num="73" count="19" type="stmt"/>
      <line num="74" count="19" type="stmt"/>
      <line num="75" count="19" type="stmt"/>
      <line num="78" count="18" type="stmt"/>
      <line num="79" count="18" type="stmt"/>
      <line num="80" count="18" type="stmt"/>
      <line num="81" count="18" type="stmt"/>
      <line num="85" count="470" type="stmt"/>
      <line num="86" count="470" type="cond" truecount="3" falsecount="0"/>
      <line num="88" count="279" type="cond" truecount="2" falsecount="0"/>
      <line num="89" count="75" type="stmt"/>
      <line num="90" count="75" type="cond" truecount="2" falsecount="0"/>
      <line num="92" count="204" type="stmt"/>
      <line num="94" count="279" type="stmt"/>
      <line num="96" count="150" type="cond" truecount="2" falsecount="0"/>
      <line num="97" count="18" type="stmt"/>
      <line num="98" count="18" type="stmt"/>
      <line num="99" count="18" type="stmt"/>
      <line num="100" count="132" type="cond" truecount="2" falsecount="0"/>
      <line num="101" count="127" type="stmt"/>
      <line num="103" count="150" type="stmt"/>
      <line num="105" count="41" type="cond" truecount="2" falsecount="0"/>
      <line num="106" count="41" type="cond" truecount="2" falsecount="0"/>
      <line num="107" count="23" type="stmt"/>
      <line num="108" count="18" type="cond" truecount="2" falsecount="0"/>
      <line num="111" count="1" type="stmt"/>
      <line num="112" count="1" type="stmt"/>
      <line num="113" count="1" type="stmt"/>
      <line num="116" count="17" type="stmt"/>
      <line num="117" count="17" type="stmt"/>
      <line num="119" count="41" type="stmt"/>
      <line num="123" count="19" type="stmt"/>
    </file>
    <file name="storage.ts" path="/Users/peterugh/Sites/egg-drop/src/utils/storage.ts">
      <metrics statements="20" coveredstatements="20" conditionals="4" coveredconditionals="4" methods="11" coveredmethods="11"/>
      <line num="4" count="1" type="stmt"/>
      <line num="14" count="12" type="stmt"/>
      <line num="15" count="12" type="cond" truecount="2" falsecount="0"/>
      <line num="19" count="3" type="stmt"/>
      <line num="20" count="3" type="stmt"/>
      <line num="27" count="3" type="stmt"/>
      <line num="28" count="6" type="stmt"/>
      <line num="36" count="4" type="stmt"/>
      <line num="37" count="4" type="stmt"/>
      <line num="39" count="5" type="cond" truecount="2" falsecount="0"/>
      <line num="45" count="1" type="stmt"/>
      <line num="46" count="2" type="stmt"/>
      <line num="48" count="1" type="stmt"/>
      <line num="49" count="3" type="stmt"/>
      <line num="51" count="1" type="stmt"/>
      <line num="52" count="3" type="stmt"/>
      <line num="54" count="1" type="stmt"/>
      <line num="55" count="1" type="stmt"/>
      <line num="57" count="1" type="stmt"/>
      <line num="58" count="4" type="stmt"/>
    </file>
  </project>
</coverage>
