{"/Users/peterugh/Sites/egg-drop/src/utils/dropDetection.ts": {"path":"/Users/peterugh/Sites/egg-drop/src/utils/dropDetection.ts","statementMap":{"0":{"start":{"line":5,"column":34},"end":{"line":5,"column":36}},"1":{"start":{"line":8,"column":33},"end":{"line":8,"column":35}},"2":{"start":{"line":10,"column":10},"end":{"line":10,"column":14}},"3":{"start":{"line":12,"column":27},"end":{"line":12,"column":30}},"4":{"start":{"line":13,"column":29},"end":{"line":13,"column":30}},"5":{"start":{"line":14,"column":25},"end":{"line":14,"column":28}},"6":{"start":{"line":15,"column":23},"end":{"line":15,"column":26}},"7":{"start":{"line":33,"column":2},"end":{"line":33,"column":42}},"8":{"start":{"line":41,"column":2},"end":{"line":41,"column":67}},"9":{"start":{"line":50,"column":20},"end":{"line":50,"column":57}},"10":{"start":{"line":51,"column":18},"end":{"line":51,"column":31}},"11":{"start":{"line":52,"column":17},"end":{"line":52,"column":48}},"12":{"start":{"line":53,"column":16},"end":{"line":53,"column":62}},"13":{"start":{"line":54,"column":15},"end":{"line":54,"column":36}},"14":{"start":{"line":56,"column":2},"end":{"line":65,"column":4}},"15":{"start":{"line":72,"column":29},"end":{"line":72,"column":38}},"16":{"start":{"line":73,"column":24},"end":{"line":73,"column":25}},"17":{"start":{"line":74,"column":20},"end":{"line":74,"column":21}},"18":{"start":{"line":75,"column":14},"end":{"line":75,"column":15}},"19":{"start":{"line":78,"column":4},"end":{"line":78,"column":22}},"20":{"start":{"line":79,"column":4},"end":{"line":79,"column":24}},"21":{"start":{"line":80,"column":4},"end":{"line":80,"column":20}},"22":{"start":{"line":81,"column":4},"end":{"line":81,"column":14}},"23":{"start":{"line":85,"column":14},"end":{"line":85,"column":30}},"24":{"start":{"line":86,"column":4},"end":{"line":120,"column":5}},"25":{"start":{"line":88,"column":8},"end":{"line":93,"column":9}},"26":{"start":{"line":89,"column":10},"end":{"line":89,"column":28}},"27":{"start":{"line":90,"column":10},"end":{"line":90,"column":74}},"28":{"start":{"line":90,"column":55},"end":{"line":90,"column":74}},"29":{"start":{"line":92,"column":10},"end":{"line":92,"column":30}},"30":{"start":{"line":94,"column":8},"end":{"line":94,"column":14}},"31":{"start":{"line":96,"column":8},"end":{"line":102,"column":9}},"32":{"start":{"line":97,"column":10},"end":{"line":97,"column":27}},"33":{"start":{"line":98,"column":10},"end":{"line":98,"column":20}},"34":{"start":{"line":99,"column":10},"end":{"line":99,"column":26}},"35":{"start":{"line":100,"column":15},"end":{"line":102,"column":9}},"36":{"start":{"line":101,"column":10},"end":{"line":101,"column":28}},"37":{"start":{"line":103,"column":8},"end":{"line":103,"column":14}},"38":{"start":{"line":105,"column":8},"end":{"line":105,"column":33}},"39":{"start":{"line":105,"column":23},"end":{"line":105,"column":33}},"40":{"start":{"line":106,"column":8},"end":{"line":118,"column":9}},"41":{"start":{"line":107,"column":10},"end":{"line":107,"column":24}},"42":{"start":{"line":108,"column":15},"end":{"line":118,"column":9}},"43":{"start":{"line":111,"column":10},"end":{"line":111,"column":29}},"44":{"start":{"line":112,"column":10},"end":{"line":112,"column":26}},"45":{"start":{"line":113,"column":10},"end":{"line":113,"column":20}},"46":{"start":{"line":116,"column":10},"end":{"line":116,"column":83}},"47":{"start":{"line":117,"column":10},"end":{"line":117,"column":18}},"48":{"start":{"line":119,"column":8},"end":{"line":119,"column":14}},"49":{"start":{"line":123,"column":2},"end":{"line":123,"column":34}}},"fnMap":{"0":{"name":"magnitude","decl":{"start":{"line":32,"column":16},"end":{"line":32,"column":25}},"loc":{"start":{"line":32,"column":56},"end":{"line":34,"column":1}},"line":32},"1":{"name":"protectionScore","decl":{"start":{"line":40,"column":16},"end":{"line":40,"column":31}},"loc":{"start":{"line":40,"column":55},"end":{"line":42,"column":1}},"line":40},"2":{"name":"computeResult","decl":{"start":{"line":44,"column":9},"end":{"line":44,"column":22}},"loc":{"start":{"line":49,"column":14},"end":{"line":66,"column":1}},"line":49},"3":{"name":"createDropDetector","decl":{"start":{"line":68,"column":16},"end":{"line":68,"column":34}},"loc":{"start":{"line":71,"column":16},"end":{"line":124,"column":1}},"line":71},"4":{"name":"reset","decl":{"start":{"line":77,"column":11},"end":{"line":77,"column":16}},"loc":{"start":{"line":77,"column":25},"end":{"line":82,"column":3}},"line":77},"5":{"name":"handleReading","decl":{"start":{"line":84,"column":11},"end":{"line":84,"column":24}},"loc":{"start":{"line":84,"column":47},"end":{"line":121,"column":3}},"line":84}},"branchMap":{"0":{"loc":{"start":{"line":64,"column":16},"end":{"line":64,"column":63}},"type":"cond-expr","locations":[{"start":{"line":64,"column":45},"end":{"line":64,"column":54}},{"start":{"line":64,"column":57},"end":{"line":64,"column":63}}],"line":64},"1":{"loc":{"start":{"line":86,"column":4},"end":{"line":120,"column":5}},"type":"switch","locations":[{"start":{"line":87,"column":6},"end":{"line":94,"column":14}},{"start":{"line":95,"column":6},"end":{"line":103,"column":14}},{"start":{"line":104,"column":6},"end":{"line":119,"column":14}}],"line":86},"2":{"loc":{"start":{"line":88,"column":8},"end":{"line":93,"column":9}},"type":"if","locations":[{"start":{"line":88,"column":8},"end":{"line":93,"column":9}},{"start":{"line":91,"column":15},"end":{"line":93,"column":9}}],"line":88},"3":{"loc":{"start":{"line":90,"column":10},"end":{"line":90,"column":74}},"type":"if","locations":[{"start":{"line":90,"column":10},"end":{"line":90,"column":74}},{"start":{},"end":{}}],"line":90},"4":{"loc":{"start":{"line":96,"column":8},"end":{"line":102,"column":9}},"type":"if","locations":[{"start":{"line":96,"column":8},"end":{"line":102,"column":9}},{"start":{"line":100,"column":15},"end":{"line":102,"column":9}}],"line":96},"5":{"loc":{"start":{"line":100,"column":15},"end":{"line":102,"column":9}},"type":"if","locations":[{"start":{"line":100,"column":15},"end":{"line":102,"column":9}},{"start":{},"end":{}}],"line":100},"6":{"loc":{"start":{"line":105,"column":8},"end":{"line":105,"column":33}},"type":"if","locations":[{"start":{"line":105,"column":8},"end":{"line":105,"column":33}},{"start":{},"end":{}}],"line":105},"7":{"loc":{"start":{"line":106,"column":8},"end":{"line":118,"column":9}},"type":"if","locations":[{"start":{"line":106,"column":8},"end":{"line":118,"column":9}},{"start":{"line":108,"column":15},"end":{"line":118,"column":9}}],"line":106},"8":{"loc":{"start":{"line":108,"column":15},"end":{"line":118,"column":9}},"type":"if","locations":[{"start":{"line":108,"column":15},"end":{"line":118,"column":9}},{"start":{"line":114,"column":15},"end":{"line":118,"column":9}}],"line":108}},"s":{"0":1,"1":1,"2":1,"3":1,"4":1,"5":1,"6":1,"7":475,"8":26,"9":17,"10":17,"11":17,"12":17,"13":17,"14":17,"15":19,"16":19,"17":19,"18":19,"19":18,"20":18,"21":18,"22":18,"23":470,"24":470,"25":279,"26":75,"27":75,"28":18,"29":204,"30":279,"31":150,"32":18,"33":18,"34":18,"35":132,"36":127,"37":150,"38":41,"39":1,"40":41,"41":23,"42":18,"43":1,"44":1,"45":1,"46":17,"47":17,"48":41,"49":19},"f":{"0":475,"1":26,"2":17,"3":19,"4":18,"5":470},"b":{"0":[1,16],"1":[279,150,41],"2":[75,204],"3":[18,57],"4":[18,132],"5":[127,5],"6":[1,40],"7":[23,18],"8":[1,17]},"_coverageSchema":"1a1c01bbd47fc00a2c39e90264f33305004495a9","hash":"5f29a8d724846f99e4814221af6f3ed4c1b77160"}
,"/Users/peterugh/Sites/egg-drop/src/utils/storage.ts": {"path":"/Users/peterugh/Sites/egg-drop/src/utils/storage.ts","statementMap":{"0":{"start":{"line":4,"column":20},"end":{"line":4,"column":38}},"1":{"start":{"line":14,"column":14},"end":{"line":14,"column":45}},"2":{"start":{"line":15,"column":2},"end":{"line":15,"column":45}},"3":{"start":{"line":19,"column":16},"end":{"line":19,"column":36}},"4":{"start":{"line":20,"column":2},"end":{"line":20,"column":68}},"5":{"start":{"line":27,"column":16},"end":{"line":27,"column":36}},"6":{"start":{"line":28,"column":2},"end":{"line":28,"column":84}},"7":{"start":{"line":28,"column":69},"end":{"line":28,"column":80}},"8":{"start":{"line":36,"column":16},"end":{"line":36,"column":36}},"9":{"start":{"line":37,"column":2},"end":{"line":40,"column":4}},"10":{"start":{"line":39,"column":37},"end":{"line":39,"column":75}},"11":{"start":{"line":45,"column":26},"end":{"line":46,"column":33}},"12":{"start":{"line":46,"column":2},"end":{"line":46,"column":33}},"13":{"start":{"line":48,"column":26},"end":{"line":49,"column":42}},"14":{"start":{"line":49,"column":2},"end":{"line":49,"column":42}},"15":{"start":{"line":51,"column":28},"end":{"line":52,"column":41}},"16":{"start":{"line":52,"column":2},"end":{"line":52,"column":41}},"17":{"start":{"line":54,"column":28},"end":{"line":55,"column":38}},"18":{"start":{"line":55,"column":2},"end":{"line":55,"column":38}},"19":{"start":{"line":57,"column":28},"end":{"line":58,"column":50}},"20":{"start":{"line":58,"column":2},"end":{"line":58,"column":50}}},"fnMap":{"0":{"name":"getAll","decl":{"start":{"line":13,"column":15},"end":{"line":13,"column":21}},"loc":{"start":{"line":13,"column":52},"end":{"line":16,"column":1}},"line":13},"1":{"name":"prepend","decl":{"start":{"line":18,"column":15},"end":{"line":18,"column":22}},"loc":{"start":{"line":18,"column":63},"end":{"line":21,"column":1}},"line":18},"2":{"name":"removeById","decl":{"start":{"line":23,"column":15},"end":{"line":23,"column":25}},"loc":{"start":{"line":26,"column":17},"end":{"line":29,"column":1}},"line":26},"3":{"name":"(anonymous_3)","decl":{"start":{"line":28,"column":62},"end":{"line":28,"column":63}},"loc":{"start":{"line":28,"column":69},"end":{"line":28,"column":80}},"line":28},"4":{"name":"updateById","decl":{"start":{"line":31,"column":15},"end":{"line":31,"column":25}},"loc":{"start":{"line":35,"column":17},"end":{"line":41,"column":1}},"line":35},"5":{"name":"(anonymous_5)","decl":{"start":{"line":39,"column":29},"end":{"line":39,"column":30}},"loc":{"start":{"line":39,"column":37},"end":{"line":39,"column":75}},"line":39},"6":{"name":"(anonymous_6)","decl":{"start":{"line":45,"column":26},"end":{"line":45,"column":27}},"loc":{"start":{"line":46,"column":2},"end":{"line":46,"column":33}},"line":46},"7":{"name":"(anonymous_7)","decl":{"start":{"line":48,"column":26},"end":{"line":48,"column":27}},"loc":{"start":{"line":49,"column":2},"end":{"line":49,"column":42}},"line":49},"8":{"name":"(anonymous_8)","decl":{"start":{"line":51,"column":28},"end":{"line":51,"column":29}},"loc":{"start":{"line":52,"column":2},"end":{"line":52,"column":41}},"line":52},"9":{"name":"(anonymous_9)","decl":{"start":{"line":54,"column":28},"end":{"line":54,"column":29}},"loc":{"start":{"line":55,"column":2},"end":{"line":55,"column":38}},"line":55},"10":{"name":"(anonymous_10)","decl":{"start":{"line":57,"column":28},"end":{"line":57,"column":29}},"loc":{"start":{"line":58,"column":2},"end":{"line":58,"column":50}},"line":58}},"branchMap":{"0":{"loc":{"start":{"line":15,"column":9},"end":{"line":15,"column":44}},"type":"cond-expr","locations":[{"start":{"line":15,"column":16},"end":{"line":15,"column":38}},{"start":{"line":15,"column":42},"end":{"line":15,"column":44}}],"line":15},"1":{"loc":{"start":{"line":39,"column":37},"end":{"line":39,"column":75}},"type":"cond-expr","locations":[{"start":{"line":39,"column":51},"end":{"line":39,"column":71}},{"start":{"line":39,"column":74},"end":{"line":39,"column":75}}],"line":39}},"s":{"0":1,"1":12,"2":12,"3":3,"4":3,"5":3,"6":3,"7":6,"8":4,"9":4,"10":5,"11":1,"12":2,"13":1,"14":3,"15":1,"16":3,"17":1,"18":1,"19":1,"20":4},"f":{"0":12,"1":3,"2":3,"3":6,"4":4,"5":5,"6":2,"7":3,"8":3,"9":1,"10":4},"b":{"0":[9,3],"1":[3,2]},"_coverageSchema":"1a1c01bbd47fc00a2c39e90264f33305004495a9","hash":"6a224361aa61a5a2c2607f363ccbe2ca2efe7f35"}
}
