TN:
SF:src/utils/dropDetection.ts
FN:32,magnitude
FN:40,protectionScore
FN:44,computeResult
FN:68,createDropDetector
FN:77,reset
FN:84,handleReading
FNF:6
FNH:6
FNDA:475,magnitude
FNDA:26,protectionScore
FNDA:17,computeResult
FNDA:19,createDropDetector
FNDA:18,reset
FNDA:470,handleReading
DA:5,1
DA:8,1
DA:10,1
DA:12,1
DA:13,1
DA:14,1
DA:15,1
DA:33,475
DA:41,26
DA:50,17
DA:51,17
DA:52,17
DA:53,17
DA:54,17
DA:56,17
DA:72,19
DA:73,19
DA:74,19
DA:75,19
DA:78,18
DA:79,18
DA:80,18
DA:81,18
DA:85,470
DA:86,470
DA:88,279
DA:89,75
DA:90,75
DA:92,204
DA:94,279
DA:96,150
DA:97,18
DA:98,18
DA:99,18
DA:100,132
DA:101,127
DA:103,150
DA:105,41
DA:106,41
DA:107,23
DA:108,18
DA:111,1
DA:112,1
DA:113,1
DA:116,17
DA:117,17
DA:119,41
DA:123,19
LF:48
LH:48
BRDA:64,0,0,1
BRDA:64,0,1,16
BRDA:86,1,0,279
BRDA:86,1,1,150
BRDA:86,1,2,41
BRDA:88,2,0,75
BRDA:88,2,1,204
BRDA:90,3,0,18
BRDA:90,3,1,57
BRDA:96,4,0,18
BRDA:96,4,1,132
BRDA:100,5,0,127
BRDA:100,5,1,5
BRDA:105,6,0,1
BRDA:105,6,1,40
BRDA:106,7,0,23
BRDA:106,7,1,18
BRDA:108,8,0,1
BRDA:108,8,1,17
BRF:19
BRH:19
end_of_record
TN:
SF:src/utils/storage.ts
FN:13,getAll
FN:18,prepend
FN:23,removeById
FN:28,(anonymous_3)
FN:31,updateById
FN:39,(anonymous_5)
FN:45,(anonymous_6)
FN:48,(anonymous_7)
FN:51,(anonymous_8)
FN:54,(anonymous_9)
FN:57,(anonymous_10)
FNF:11
FNH:11
FNDA:12,getAll
FNDA:3,prepend
FNDA:3,removeById
FNDA:6,(anonymous_3)
FNDA:4,updateById
FNDA:5,(anonymous_5)
FNDA:2,(anonymous_6)
FNDA:3,(anonymous_7)
FNDA:3,(anonymous_8)
FNDA:1,(anonymous_9)
FNDA:4,(anonymous_10)
DA:4,1
DA:14,12
DA:15,12
DA:19,3
DA:20,3
DA:27,3
DA:28,6
DA:36,4
DA:37,4
DA:39,5
DA:45,1
DA:46,2
DA:48,1
DA:49,3
DA:51,1
DA:52,3
DA:54,1
DA:55,1
DA:57,1
DA:58,4
LF:20
LH:20
BRDA:15,0,0,9
BRDA:15,0,1,3
BRDA:39,1,0,3
BRDA:39,1,1,2
BRF:4
BRH:4
end_of_record
